Turbo Assembler	 Version 4.1	    09/25/14 18:33:20	    Page 1
cero.ASM



      1	0000			     Datos Segment
      2	0000  0102			 myWord	dw 0102h
      3	0002			     Datos EndS
      4
      5	0000			     Codigo Segment
      6
      7	0000			     comienceaqui:
      8					     Assume cs:codigo, ds:datos
      9
     10	0000  33 C0			     xor ax,ax
     11	0002  B8 0000s			     mov ax,Datos
     12	0005  8E D8			     mov Ds,Ax
     13
     14	0007  33 C0			     xor ax,ax
     15	0009  A1 0000r			     mov ax,myWord
     16	000C  89 1E 0000r		     mov myWord,bx
     17	0010  89 1D			     mov [di],bx
     18	0012  89 47 02			     mov [bx+2],ax
     19	0015  89 00			     mov [bx+si],ax
     20	0017  C7 41 02 1234		     mov word ptr[bx+di+2],1234h
     21
     22
     23	001C  B8 4C00			     mov ax,4c00h
     24	001F  CD 21			     int 21h
     25
     26	0021			     Codigo EndS
     27				     End comienceaqui
Turbo Assembler	 Version 4.1	    09/25/14 18:33:20	    Page 2
Symbol Table




Symbol Name			  Type	 Value

??DATE				  Text	 "09/25/14"
??FILENAME			  Text	 "cero	  "
??TIME				  Text	 "18:33:20"
??VERSION			  Number 040A
@CPU				  Text	 0101H
@CURSEG				  Text	 CODIGO
@FILENAME			  Text	 CERO
@WORDSIZE			  Text	 2
COMIENCEAQUI			  Near	 CODIGO:0000
MYWORD				  Word	 DATOS:0000

Groups & Segments		  Bit Size Align  Combine Class

CODIGO				  16  0021 Para	  none
DATOS				  16  0002 Para	  none
