Turbo Assembler	 Version 4.1	    10/23/14 21:28:17	    Page 1
quizs.ASM



      1	0000			     Pila Segment Stack	'Stack'
      2	0000  0800*(????)		     dw	2048 dup(?)
      3	1000			     Pila Ends
      4
      5	0000			     Datos Segment
      6	0000  0400				    buff dw	 1024
      7	0002			     Datos Ends
      8
      9	0000			     Codigo Segment
     10					     Assume DS:Datos,CS:Codigo,SS:Pila
     11
     12	0000			     inicio:
     13
     14	0000  33 C0			     xor ax, ax
     15	0002  8E C0			     mov es, ax	   ; ES	<- 0
     16	0004  B5 00			     mov ch,00h	   ;CH = track/cylinder	number	(0-1023	dec., see below)
     17	0006  B1 01			     mov cl,01h	       ;CL = sector number  (1-17 dec.)
     18	0008  B6 00			     mov  dh, 0	       ; head number
     19	000A  B2 00			 mov  dl, 00h	  ; drive number. Remember Drive 0 is floppy drive.
     20	000C  8B 1E 0000r		     mov bx, buff     ;	segment	offset of the buffer
     21	0010  B8 0201			     mov ax, 0201h ; AH	= 02 (disk read), AL = 01 (number of sectors to	read)
     22
     23	0013  CD 13			     int 13h
     24
     25					     ; xor ax, ax
     26					     ; mov es, ax    ; ES <- 0
     27					     ; mov cx, 1     ; cylinder	0, sector 1
     28					     ; mov dx, 0080h ; DH = 0 (head), drive = 80h (0th hard disk)
     29					     ; mov bx, 5000h ; segment offset of the buffer
     30					     ; mov ax, 0301h ; AH = 03 (disk write), AL	= 01 (number of	sectors	to write)
     31					     ; int 13h
     32
     33
     34				       ; finalizar el programa
     35	0015  B8 4C00		       mov ax,4c00h
     36	0018  CD 21		       int 21h
     37
     38	001A			     Codigo ENDS
     39				     END Inicio
Turbo Assembler	 Version 4.1	    10/23/14 21:28:17	    Page 2
Symbol Table




Symbol Name			  Type	 Value

??DATE				  Text	 "10/23/14"
??FILENAME			  Text	 "quizs	  "
??TIME				  Text	 "21:28:17"
??VERSION			  Number 040A
@CPU				  Text	 0101H
@CURSEG				  Text	 CODIGO
@FILENAME			  Text	 QUIZS
@WORDSIZE			  Text	 2
BUFF				  Word	 DATOS:0000
INICIO				  Near	 CODIGO:0000

Groups & Segments		  Bit Size Align  Combine Class

CODIGO				  16  001A Para	  none
DATOS				  16  0002 Para	  none
PILA				  16  1000 Para	  Stack	  STACK
